XrSamples/XrHandsFB/Src/build/intermediates/manifest_merge_blame_file/OpenGLESDebug/manifest-merger-blame-OpenGLES-debug-report.txt
1<?xml version="1.0" encoding="utf-8"?>
2<manifest xmlns:android="http://schemas.android.com/apk/res/android"
3    package="org.khronos.openxr.hello_xr.opengles"
4    android:installLocation="auto"
5    android:versionCode="12"
6    android:versionName="1.0.31" >
7
8    <uses-sdk
9        android:minSdkVersion="24"
9-->tests/hello_xr/AndroidManifest.xml
10        android:targetSdkVersion="24" />
10-->tests/hello_xr/AndroidManifest.xml
11    <!--
12  Copyright (c) 2017-2023, The Khronos Group Inc.
13
14  SPDX-License-Identifier: Apache-2.0
15    -->
16    <!-- Tell the system this app requires OpenGL ES 3.2. -->
17    <uses-feature
17-->tests/hello_xr/AndroidManifest.xml:13:3-15:31
18        android:glEsVersion="0x00030002"
18-->tests/hello_xr/AndroidManifest.xml:14:5-37
19        android:required="true" />
19-->tests/hello_xr/AndroidManifest.xml:15:5-28
20    <!-- Tell the system this app works in either 3dof or 6dof mode -->
21    <uses-feature
21-->tests/hello_xr/AndroidManifest.xml:17:3-20:27
22        android:name="android.hardware.vr.headtracking"
22-->tests/hello_xr/AndroidManifest.xml:18:5-52
23        android:required="false"
23-->tests/hello_xr/AndroidManifest.xml:19:5-29
24        android:version="1" />
24-->tests/hello_xr/AndroidManifest.xml:20:5-24
25
26    <!-- Recommended for haptic feedback -->
27    <uses-permission android:name="android.permission.VIBRATE" />
27-->tests/hello_xr/AndroidManifest.xml:23:3-64
27-->tests/hello_xr/AndroidManifest.xml:23:20-61
28
29    <!-- If building externally with the OpenXR loader AAR, this would be merged in automatically. -->
30    <uses-permission android:name="org.khronos.openxr.permission.OPENXR" />
30-->tests/hello_xr/AndroidManifest.xml:26:3-74
30-->tests/hello_xr/AndroidManifest.xml:26:20-71
31    <uses-permission android:name="org.khronos.openxr.permission.OPENXR_SYSTEM" />
31-->tests/hello_xr/AndroidManifest.xml:27:3-81
31-->tests/hello_xr/AndroidManifest.xml:27:20-78
32
33    <queries>
33-->tests/hello_xr/AndroidManifest.xml:29:3-40:13
34
35        <!-- to talk to the broker -->
36        <provider android:authorities="org.khronos.openxr.runtime_broker;org.khronos.openxr.system_runtime_broker" />
36-->tests/hello_xr/AndroidManifest.xml:31:5-114
36-->tests/hello_xr/AndroidManifest.xml:31:15-111
37
38        <!-- so client-side code of runtime/layers can talk to their service sides -->
39        <intent>
39-->tests/hello_xr/AndroidManifest.xml:34:5-36:14
40            <action android:name="org.khronos.openxr.OpenXRRuntimeService" />
40-->tests/hello_xr/AndroidManifest.xml:35:7-72
40-->tests/hello_xr/AndroidManifest.xml:35:15-69
41        </intent>
42        <intent>
42-->tests/hello_xr/AndroidManifest.xml:37:5-39:14
43            <action android:name="org.khronos.openxr.OpenXRApiLayerService" />
43-->tests/hello_xr/AndroidManifest.xml:38:7-73
43-->tests/hello_xr/AndroidManifest.xml:38:15-70
44        </intent>
45    </queries>
46    <!-- end of elements normally merged from the OpenXR loader AAR -->
47    <application
47-->tests/hello_xr/AndroidManifest.xml:43:3-75:17
48        android:allowBackup="true"
48-->tests/hello_xr/AndroidManifest.xml:44:5-31
49        android:debuggable="true"
50        android:extractNativeLibs="false"
51        android:hasCode="false"
51-->tests/hello_xr/AndroidManifest.xml:45:5-28
52        android:icon="@mipmap/ic_helloxr_launcher"
52-->tests/hello_xr/AndroidManifest.xml:46:5-47
53        android:label="@string/app_name"
53-->tests/hello_xr/AndroidManifest.xml:47:5-37
54        android:roundIcon="@mipmap/ic_helloxr_launcher" >
54-->tests/hello_xr/AndroidManifest.xml:48:5-52
55
56        <!-- The activity is the built-in NativeActivity framework class. -->
57        <!-- launchMode is set to singleTask because there should never be multiple copies of the app running. -->
58        <!-- Theme.Black.NoTitleBar.Fullscreen gives solid black instead of a (bad stereoscopic) gradient on app transition. -->
59        <activity
59-->tests/hello_xr/AndroidManifest.xml:53:5-74:16
60            android:name="android.app.NativeActivity"
60-->tests/hello_xr/AndroidManifest.xml:54:7-48
61            android:configChanges="screenSize|screenLayout|orientation|keyboardHidden|keyboard|navigation|uiMode|density"
61-->tests/hello_xr/AndroidManifest.xml:55:7-116
62            android:excludeFromRecents="false"
62-->tests/hello_xr/AndroidManifest.xml:56:7-41
63            android:exported="true"
63-->tests/hello_xr/AndroidManifest.xml:61:7-30
64            android:launchMode="singleTask"
64-->tests/hello_xr/AndroidManifest.xml:57:7-38
65            android:resizeableActivity="false"
65-->tests/hello_xr/AndroidManifest.xml:58:7-41
66            android:screenOrientation="landscape"
66-->tests/hello_xr/AndroidManifest.xml:59:7-44
67            android:theme="@android:style/Theme.Black.NoTitleBar.Fullscreen" >
67-->tests/hello_xr/AndroidManifest.xml:60:7-71
68
69            <!-- Tell NativeActivity the name of the .so -->
70            <meta-data
70-->tests/hello_xr/AndroidManifest.xml:64:7-66:36
71                android:name="android.app.lib_name"
71-->tests/hello_xr/AndroidManifest.xml:65:9-44
72                android:value="hello_xr" />
72-->tests/hello_xr/AndroidManifest.xml:66:9-33
73            <!-- This filter lets the apk show up as a launchable icon. -->
74            <intent-filter>
74-->tests/hello_xr/AndroidManifest.xml:68:7-73:23
75                <action android:name="android.intent.action.MAIN" />
75-->tests/hello_xr/AndroidManifest.xml:69:9-61
75-->tests/hello_xr/AndroidManifest.xml:69:17-58
76
77                <category android:name="android.intent.category.LAUNCHER" />
77-->tests/hello_xr/AndroidManifest.xml:70:9-69
77-->tests/hello_xr/AndroidManifest.xml:70:19-66
78                <category android:name="com.oculus.intent.category.VR" />
78-->tests/hello_xr/AndroidManifest.xml:71:11-68
78-->tests/hello_xr/AndroidManifest.xml:71:21-65
79                <category android:name="org.khronos.openxr.intent.category.IMMERSIVE_HMD" />
79-->tests/hello_xr/AndroidManifest.xml:72:9-85
79-->tests/hello_xr/AndroidManifest.xml:72:19-82
80            </intent-filter>
81        </activity>
82    </application>
83
84</manifest>